<?xml version="1.0" encoding="UTF-8"?>
<!-- Generated by org.testng.reporters.JUnitXMLReporter -->
<testsuite hostname="DESKTOP-0FC8C65" ignored="0" name="Facebook UI Test" tests="3" failures="0" timestamp="2021-02-09T20:57:56 CST" time="5.335" errors="0">
  <testcase name="testemailField" time="0.088" classname="com.Facebook.testCases.LoginPageTest"/>
  <testcase name="testepassword" time="0.067" classname="com.Facebook.testCases.LoginPageTest"/>
  <testcase name="testloginButton" time="0.057" classname="com.Facebook.testCases.LoginPageTest"/>
</testsuite> <!-- Facebook UI Test -->
